{
  "stats": {
    "suites": 1,
    "tests": 1,
    "passes": 1,
    "pending": 0,
    "failures": 0,
    "start": "2021-07-27T07:02:19.794Z",
    "end": "2021-07-27T07:02:27.631Z",
    "duration": 7837,
    "testsRegistered": 1,
    "passPercent": 100,
    "pendingPercent": 0,
    "other": 0,
    "hasOther": false,
    "skipped": 0,
    "hasSkipped": false
  },
  "results": [
    {
      "uuid": "2a2134fc-f7c8-4b9a-9f1b-66cd2155190f",
      "title": "",
      "fullFile": "cypress/integration/test.spec.ts",
      "file": "cypress/integration/test.spec.ts",
      "beforeHooks": [],
      "afterHooks": [],
      "tests": [],
      "suites": [
        {
          "uuid": "ae4fa721-6bb0-4f1a-b77f-9d18e5f32c80",
          "title": "Automate Testing...",
          "fullFile": "",
          "file": "",
          "beforeHooks": [],
          "afterHooks": [],
          "tests": [
            {
              "title": "Login Page Check Label",
              "fullTitle": "Automate Testing... Login Page Check Label",
              "timedOut": null,
              "duration": 7677,
              "state": "passed",
              "speed": "slow",
              "pass": true,
              "fail": false,
              "pending": false,
              "context": null,
              "code": "cy.get('#userenameLabel').contains('Username:');",
              "err": {},
              "uuid": "d2691598-94b6-4134-aa3e-c3421c4e7d86",
              "parentUUID": "ae4fa721-6bb0-4f1a-b77f-9d18e5f32c80",
              "isHook": false,
              "skipped": false
            }
          ],
          "suites": [],
          "passes": [
            "d2691598-94b6-4134-aa3e-c3421c4e7d86"
          ],
          "failures": [],
          "pending": [],
          "skipped": [],
          "duration": 7677,
          "root": false,
          "rootEmpty": false,
          "_timeout": 2000
        }
      ],
      "passes": [],
      "failures": [],
      "pending": [],
      "skipped": [],
      "duration": 0,
      "root": true,
      "rootEmpty": true,
      "_timeout": 2000
    }
  ],
  "meta": {
    "mocha": {
      "version": "7.0.1"
    },
    "mochawesome": {
      "options": {
        "quiet": false,
        "reportFilename": "mochawesome",
        "saveHtml": false,
        "saveJson": true,
        "consoleReporter": "spec",
        "useInlineDiffs": false,
        "code": true
      },
      "version": "6.2.2"
    },
    "marge": {
      "options": {
        "id": "default",
        "reportDir": "cypress/results/json",
        "overwrite": false,
        "html": false,
        "json": true
      },
      "version": "5.2.0"
    }
  }
}