{
  "stats": {
    "suites": 1,
    "tests": 2,
    "passes": 2,
    "pending": 0,
    "failures": 0,
    "start": "2021-09-09T07:37:52.756Z",
    "end": "2021-09-09T07:37:59.505Z",
    "duration": 6749,
    "testsRegistered": 2,
    "passPercent": 100,
    "pendingPercent": 0,
    "other": 0,
    "hasOther": false,
    "skipped": 0,
    "hasSkipped": false
  },
  "results": [
    {
      "uuid": "ce52d78f-d00d-48f8-870d-0c8274177d13",
      "title": "",
      "fullFile": "cypress/integration/test.spec.ts",
      "file": "cypress/integration/test.spec.ts",
      "beforeHooks": [],
      "afterHooks": [],
      "tests": [],
      "suites": [
        {
          "uuid": "c49d4c0b-7649-4fec-b9a0-1d28546a9821",
          "title": "Automate Testing...",
          "fullFile": "",
          "file": "",
          "beforeHooks": [],
          "afterHooks": [],
          "tests": [
            {
              "title": "Login Page Check Label",
              "fullTitle": "Automate Testing... Login Page Check Label",
              "timedOut": null,
              "duration": 5266,
              "state": "passed",
              "speed": "slow",
              "pass": true,
              "fail": false,
              "pending": false,
              "context": null,
              "code": "cy.get('#userenameLabel').contains('Username:');\ncy.get('#passwordLabel').contains('Password:');\ncy.get('#userenameLabel').type('admin');\ncy.get('#passwordLabel').type('password');\ncy.wait(500);\ncy.get('#loginButton').click();",
              "err": {},
              "uuid": "0529f3a2-7c7d-4a1b-b558-6b7fba1d2e31",
              "parentUUID": "c49d4c0b-7649-4fec-b9a0-1d28546a9821",
              "isHook": false,
              "skipped": false
            },
            {
              "title": "Login Page Check Label",
              "fullTitle": "Automate Testing... Login Page Check Label",
              "timedOut": null,
              "duration": 1450,
              "state": "passed",
              "speed": "slow",
              "pass": true,
              "fail": false,
              "pending": false,
              "context": null,
              "code": "cy.get('#userenameLabel').contains('Username:');\ncy.get('#passwordLabel').contains('Password:');\ncy.get('#userenameLabel').type('admin');\ncy.get('#passwordLabel').type('password');\ncy.get('#loginButton').click();",
              "err": {},
              "uuid": "d07ef891-c970-467b-ab3e-cad883b7ad09",
              "parentUUID": "c49d4c0b-7649-4fec-b9a0-1d28546a9821",
              "isHook": false,
              "skipped": false
            }
          ],
          "suites": [],
          "passes": [
            "0529f3a2-7c7d-4a1b-b558-6b7fba1d2e31",
            "d07ef891-c970-467b-ab3e-cad883b7ad09"
          ],
          "failures": [],
          "pending": [],
          "skipped": [],
          "duration": 6716,
          "root": false,
          "rootEmpty": false,
          "_timeout": 2000
        }
      ],
      "passes": [],
      "failures": [],
      "pending": [],
      "skipped": [],
      "duration": 0,
      "root": true,
      "rootEmpty": true,
      "_timeout": 2000
    }
  ],
  "meta": {
    "mocha": {
      "version": "7.0.1"
    },
    "mochawesome": {
      "options": {
        "quiet": false,
        "reportFilename": "mochawesome",
        "saveHtml": false,
        "saveJson": true,
        "consoleReporter": "spec",
        "useInlineDiffs": false,
        "code": true
      },
      "version": "6.2.2"
    },
    "marge": {
      "options": {
        "id": "default",
        "reportDir": "cypress/results/json",
        "overwrite": false,
        "html": false,
        "json": true
      },
      "version": "5.2.0"
    }
  }
}